<?xml version="1.0" encoding="UTF-8"?>
<!-- Generated by org.testng.reporters.JUnitXMLReporter -->
<testsuite ignored="0" hostname="Karthiks-MacBook-Pro.local" failures="1" tests="5" name="Login Test" time="58.857" errors="0" timestamp="2022-03-15T13:17:49 GMT">
  <testcase classname="com.ap.tests.LoginTest" name="verifyValidLogin" time="8.209"/>
  <testcase classname="com.ap.tests.LoginTest" name="verifyInvalidLogin" time="7.058"/>
  <testcase classname="com.ap.tests.LoginTest" name="verifyEmptyLogin" time="5.894">
    <skipped/>
  </testcase> <!-- verifyEmptyLogin -->
  <testcase classname="com.ap.tests.LoginTest" name="verifyEmptyLogin" time="5.855">
    <failure type="java.lang.AssertionError" message="expected [true] but found [false]">
      <![CDATA[java.lang.AssertionError: expected [true] but found [false]
at com.ap.tests.LoginTest.verifyEmptyLogin(LoginTest.java:61)
at java.base/java.util.ArrayList.forEach(ArrayList.java:1541)
... Removed 31 stack frames]]>
    </failure>
  </testcase> <!-- verifyEmptyLogin -->
  <testcase classname="com.ap.tests.LoginTest" name="verifyForgotPasswordPageNavigation" time="0.963"/>
</testsuite> <!-- Login Test -->
